生成启动时间为 2018/6/19 22:14:17。
     1>项目“c:\Users\Lenovo\documents\visual studio 2012\Projects\stickhero\stickhero\stickhero.vcxproj”在节点 2 上(Build 个目标)。
     1>ClCompile:
         C:\Program Files (x86)\Microsoft Visual Studio 11.0\VC\bin\CL.exe /c /ZI /nologo /W3 /WX- /Od /Oy- /D _MBCS /Gm /EHsc /RTC1 /MDd /GS /fp:precise /Zc:wchar_t /Zc:forScope /Fo"Debug\\" /Fd"Debug\vc110.pdb" /Gd /TP /analyze- /errorReport:prompt stickhero.cpp
         stickhero.cpp
     1>c:\users\lenovo\documents\visual studio 2012\projects\stickhero\stickhero\stickhero.cpp(91): warning C4996: 'sprintf': This function or variable may be unsafe. Consider using sprintf_s instead. To disable deprecation, use _CRT_SECURE_NO_WARNINGS. See online help for details.
                 c:\program files (x86)\microsoft visual studio 11.0\vc\include\stdio.h(357) : 参见“sprintf”的声明
     1>c:\users\lenovo\documents\visual studio 2012\projects\stickhero\stickhero\stickhero.cpp(145): warning C4996: 'kbhit': The POSIX name for this item is deprecated. Instead, use the ISO C++ conformant name: _kbhit. See online help for details.
                 c:\program files (x86)\microsoft visual studio 11.0\vc\include\conio.h(133) : 参见“kbhit”的声明
     1>c:\users\lenovo\documents\visual studio 2012\projects\stickhero\stickhero\stickhero.cpp(147): warning C4996: 'getch': The POSIX name for this item is deprecated. Instead, use the ISO C++ conformant name: _getch. See online help for details.
                 c:\program files (x86)\microsoft visual studio 11.0\vc\include\conio.h(131) : 参见“getch”的声明
     1>c:\users\lenovo\documents\visual studio 2012\projects\stickhero\stickhero\stickhero.cpp(248): warning C4244: “参数”: 从“double”转换到“int”，可能丢失数据
     1>c:\users\lenovo\documents\visual studio 2012\projects\stickhero\stickhero\stickhero.cpp(266): warning C4996: 'fopen': This function or variable may be unsafe. Consider using fopen_s instead. To disable deprecation, use _CRT_SECURE_NO_WARNINGS. See online help for details.
                 c:\program files (x86)\microsoft visual studio 11.0\vc\include\stdio.h(218) : 参见“fopen”的声明
     1>c:\users\lenovo\documents\visual studio 2012\projects\stickhero\stickhero\stickhero.cpp(271): warning C4996: 'fscanf': This function or variable may be unsafe. Consider using fscanf_s instead. To disable deprecation, use _CRT_SECURE_NO_WARNINGS. See online help for details.
                 c:\program files (x86)\microsoft visual studio 11.0\vc\include\stdio.h(237) : 参见“fscanf”的声明
     1>c:\users\lenovo\documents\visual studio 2012\projects\stickhero\stickhero\stickhero.cpp(281): warning C4996: 'fopen': This function or variable may be unsafe. Consider using fopen_s instead. To disable deprecation, use _CRT_SECURE_NO_WARNINGS. See online help for details.
                 c:\program files (x86)\microsoft visual studio 11.0\vc\include\stdio.h(218) : 参见“fopen”的声明
     1>c:\users\lenovo\documents\visual studio 2012\projects\stickhero\stickhero\stickhero.cpp(282): warning C4996: 'fopen': This function or variable may be unsafe. Consider using fopen_s instead. To disable deprecation, use _CRT_SECURE_NO_WARNINGS. See online help for details.
                 c:\program files (x86)\microsoft visual studio 11.0\vc\include\stdio.h(218) : 参见“fopen”的声明
     1>c:\users\lenovo\documents\visual studio 2012\projects\stickhero\stickhero\stickhero.cpp(317): warning C4996: 'sprintf': This function or variable may be unsafe. Consider using sprintf_s instead. To disable deprecation, use _CRT_SECURE_NO_WARNINGS. See online help for details.
                 c:\program files (x86)\microsoft visual studio 11.0\vc\include\stdio.h(357) : 参见“sprintf”的声明
     1>c:\users\lenovo\documents\visual studio 2012\projects\stickhero\stickhero\stickhero.cpp(318): warning C4996: 'sprintf': This function or variable may be unsafe. Consider using sprintf_s instead. To disable deprecation, use _CRT_SECURE_NO_WARNINGS. See online help for details.
                 c:\program files (x86)\microsoft visual studio 11.0\vc\include\stdio.h(357) : 参见“sprintf”的声明
       Link:
         C:\Program Files (x86)\Microsoft Visual Studio 11.0\VC\bin\link.exe /ERRORREPORT:PROMPT /OUT:"c:\users\lenovo\documents\visual studio 2012\Projects\stickhero\Debug\stickhero.exe" /INCREMENTAL /NOLOGO kernel32.lib user32.lib gdi32.lib winspool.lib comdlg32.lib advapi32.lib shell32.lib ole32.lib oleaut32.lib uuid.lib odbc32.lib odbccp32.lib /MANIFEST /MANIFESTUAC:"level='asInvoker' uiAccess='false'" /manifest:embed /DEBUG /PDB:"c:\users\lenovo\documents\visual studio 2012\Projects\stickhero\Debug\stickhero.pdb" /TLBID:1 /DYNAMICBASE /NXCOMPAT /IMPLIB:"c:\users\lenovo\documents\visual studio 2012\Projects\stickhero\Debug\stickhero.lib" /MACHINE:X86 Debug\stickhero.obj
         stickhero.vcxproj -> c:\users\lenovo\documents\visual studio 2012\Projects\stickhero\Debug\stickhero.exe
     1>已完成生成项目“c:\Users\Lenovo\documents\visual studio 2012\Projects\stickhero\stickhero\stickhero.vcxproj”(Build 个目标)的操作。

生成成功。

已用时间 00:00:02.97
